<?xml version="1.0" encoding="UTF-8"?>
<coverage generated="1602157988917" clover="3.2.0">
  <project timestamp="1602157988917" name="All files">
    <metrics statements="34" coveredstatements="34" conditionals="14" coveredconditionals="13" methods="13" coveredmethods="13" elements="61" coveredelements="60" complexity="0" loc="34" ncloc="34" packages="1" files="4" classes="4"/>
    <file name="Airport.js" path="/Users/JFU11/Documents/Bootcamp tasks/airports/Airport.js">
      <metrics statements="10" coveredstatements="10" conditionals="2" coveredconditionals="2" methods="4" coveredmethods="4"/>
      <line num="2" count="3" type="stmt"/>
      <line num="5" count="18" type="cond" truecount="2" falsecount="0"/>
      <line num="6" count="17" type="stmt"/>
      <line num="7" count="17" type="stmt"/>
      <line num="8" count="17" type="stmt"/>
      <line num="11" count="1" type="stmt"/>
      <line num="15" count="1" type="stmt"/>
      <line num="16" count="1" type="stmt"/>
      <line num="20" count="4" type="stmt"/>
      <line num="26" count="3" type="stmt"/>
    </file>
    <file name="Bag.js" path="/Users/JFU11/Documents/Bootcamp tasks/airports/Bag.js">
      <metrics statements="3" coveredstatements="3" conditionals="2" coveredconditionals="2" methods="1" coveredmethods="1"/>
      <line num="3" count="5" type="cond" truecount="2" falsecount="0"/>
      <line num="4" count="4" type="stmt"/>
      <line num="8" count="3" type="stmt"/>
    </file>
    <file name="Person.js" path="/Users/JFU11/Documents/Bootcamp tasks/airports/Person.js">
      <metrics statements="9" coveredstatements="9" conditionals="2" coveredconditionals="2" methods="5" coveredmethods="5"/>
      <line num="3" count="15" type="stmt"/>
      <line num="4" count="15" type="stmt"/>
      <line num="8" count="3" type="stmt"/>
      <line num="14" count="1" type="stmt"/>
      <line num="20" count="2" type="stmt"/>
      <line num="21" count="2" type="cond" truecount="2" falsecount="0"/>
      <line num="22" count="1" type="stmt"/>
      <line num="24" count="1" type="stmt"/>
      <line num="32" count="4" type="stmt"/>
    </file>
    <file name="Plane.js" path="/Users/JFU11/Documents/Bootcamp tasks/airports/Plane.js">
      <metrics statements="12" coveredstatements="12" conditionals="8" coveredconditionals="7" methods="3" coveredmethods="3"/>
      <line num="1" count="3" type="stmt"/>
      <line num="4" count="11" type="cond" truecount="4" falsecount="0"/>
      <line num="5" count="10" type="stmt"/>
      <line num="6" count="10" type="stmt"/>
      <line num="7" count="10" type="stmt"/>
      <line num="8" count="10" type="stmt"/>
      <line num="12" count="6" type="stmt"/>
      <line num="14" count="8" type="cond" truecount="2" falsecount="0"/>
      <line num="15" count="7" type="stmt"/>
      <line num="16" count="1" type="cond" truecount="1" falsecount="1"/>
      <line num="18" count="1" type="stmt"/>
      <line num="23" count="3" type="stmt"/>
    </file>
  </project>
</coverage>
