{"/Users/JFU11/Documents/Bootcamp tasks/airports/Airport.js": {"path":"/Users/JFU11/Documents/Bootcamp tasks/airports/Airport.js","statementMap":{"0":{"start":{"line":2,"column":22},"end":{"line":2,"column":24}},"1":{"start":{"line":5,"column":8},"end":{"line":5,"column":62}},"2":{"start":{"line":5,"column":19},"end":{"line":5,"column":62}},"3":{"start":{"line":6,"column":8},"end":{"line":6,"column":24}},"4":{"start":{"line":7,"column":8},"end":{"line":7,"column":24}},"5":{"start":{"line":8,"column":8},"end":{"line":8,"column":44}},"6":{"start":{"line":11,"column":8},"end":{"line":11,"column":31}},"7":{"start":{"line":15,"column":24},"end":{"line":15,"column":50}},"8":{"start":{"line":16,"column":8},"end":{"line":16,"column":38}},"9":{"start":{"line":20,"column":8},"end":{"line":20,"column":31}},"10":{"start":{"line":26,"column":0},"end":{"line":26,"column":24}}},"fnMap":{"0":{"name":"(anonymous_0)","decl":{"start":{"line":4,"column":4},"end":{"line":4,"column":5}},"loc":{"start":{"line":4,"column":22},"end":{"line":9,"column":5}},"line":4},"1":{"name":"(anonymous_1)","decl":{"start":{"line":10,"column":4},"end":{"line":10,"column":5}},"loc":{"start":{"line":10,"column":20},"end":{"line":12,"column":5}},"line":10},"2":{"name":"(anonymous_2)","decl":{"start":{"line":14,"column":4},"end":{"line":14,"column":5}},"loc":{"start":{"line":14,"column":19},"end":{"line":18,"column":5}},"line":14},"3":{"name":"(anonymous_3)","decl":{"start":{"line":19,"column":4},"end":{"line":19,"column":5}},"loc":{"start":{"line":19,"column":21},"end":{"line":22,"column":5}},"line":19}},"branchMap":{"0":{"loc":{"start":{"line":5,"column":8},"end":{"line":5,"column":62}},"type":"if","locations":[{"start":{"line":5,"column":8},"end":{"line":5,"column":62}},{"start":{"line":5,"column":8},"end":{"line":5,"column":62}}],"line":5}},"s":{"0":3,"1":18,"2":1,"3":17,"4":17,"5":17,"6":1,"7":1,"8":1,"9":4,"10":3},"f":{"0":18,"1":1,"2":1,"3":4},"b":{"0":[1,17]},"_coverageSchema":"1a1c01bbd47fc00a2c39e90264f33305004495a9","hash":"0a0d2c16fa4f4e44294b60e0a8677ab2b0b03a68"}
,"/Users/JFU11/Documents/Bootcamp tasks/airports/Bag.js": {"path":"/Users/JFU11/Documents/Bootcamp tasks/airports/Bag.js","statementMap":{"0":{"start":{"line":3,"column":8},"end":{"line":3,"column":62}},"1":{"start":{"line":3,"column":20},"end":{"line":3,"column":62}},"2":{"start":{"line":4,"column":8},"end":{"line":4,"column":28}},"3":{"start":{"line":8,"column":0},"end":{"line":8,"column":18}}},"fnMap":{"0":{"name":"(anonymous_0)","decl":{"start":{"line":2,"column":4},"end":{"line":2,"column":5}},"loc":{"start":{"line":2,"column":23},"end":{"line":5,"column":5}},"line":2}},"branchMap":{"0":{"loc":{"start":{"line":3,"column":8},"end":{"line":3,"column":62}},"type":"if","locations":[{"start":{"line":3,"column":8},"end":{"line":3,"column":62}},{"start":{"line":3,"column":8},"end":{"line":3,"column":62}}],"line":3}},"s":{"0":5,"1":1,"2":4,"3":3},"f":{"0":5},"b":{"0":[1,4]},"_coverageSchema":"1a1c01bbd47fc00a2c39e90264f33305004495a9","hash":"86ef78591156df4b3a255878fd1b94c5f3e324bd"}
,"/Users/JFU11/Documents/Bootcamp tasks/airports/Person.js": {"path":"/Users/JFU11/Documents/Bootcamp tasks/airports/Person.js","statementMap":{"0":{"start":{"line":3,"column":8},"end":{"line":3,"column":24}},"1":{"start":{"line":4,"column":8},"end":{"line":4,"column":21}},"2":{"start":{"line":8,"column":8},"end":{"line":8,"column":26}},"3":{"start":{"line":14,"column":8},"end":{"line":14,"column":44}},"4":{"start":{"line":20,"column":8},"end":{"line":26,"column":10}},"5":{"start":{"line":21,"column":12},"end":{"line":25,"column":13}},"6":{"start":{"line":22,"column":16},"end":{"line":22,"column":27}},"7":{"start":{"line":24,"column":16},"end":{"line":24,"column":28}},"8":{"start":{"line":32,"column":0},"end":{"line":32,"column":44}}},"fnMap":{"0":{"name":"(anonymous_0)","decl":{"start":{"line":2,"column":4},"end":{"line":2,"column":5}},"loc":{"start":{"line":2,"column":22},"end":{"line":6,"column":5}},"line":2},"1":{"name":"(anonymous_1)","decl":{"start":{"line":7,"column":4},"end":{"line":7,"column":5}},"loc":{"start":{"line":7,"column":16},"end":{"line":9,"column":5}},"line":7},"2":{"name":"(anonymous_2)","decl":{"start":{"line":13,"column":4},"end":{"line":13,"column":5}},"loc":{"start":{"line":13,"column":23},"end":{"line":15,"column":5}},"line":13},"3":{"name":"(anonymous_3)","decl":{"start":{"line":19,"column":4},"end":{"line":19,"column":5}},"loc":{"start":{"line":19,"column":26},"end":{"line":29,"column":5}},"line":19},"4":{"name":"(anonymous_4)","decl":{"start":{"line":20,"column":31},"end":{"line":20,"column":32}},"loc":{"start":{"line":20,"column":47},"end":{"line":26,"column":9}},"line":20}},"branchMap":{"0":{"loc":{"start":{"line":21,"column":12},"end":{"line":25,"column":13}},"type":"if","locations":[{"start":{"line":21,"column":12},"end":{"line":25,"column":13}},{"start":{"line":21,"column":12},"end":{"line":25,"column":13}}],"line":21}},"s":{"0":15,"1":15,"2":3,"3":1,"4":2,"5":2,"6":1,"7":1,"8":4},"f":{"0":15,"1":3,"2":1,"3":2,"4":2},"b":{"0":[1,1]},"_coverageSchema":"1a1c01bbd47fc00a2c39e90264f33305004495a9","hash":"0b232e2378ffdf85ca2f8d879ade0d7151be0317"}
,"/Users/JFU11/Documents/Bootcamp tasks/airports/Plane.js": {"path":"/Users/JFU11/Documents/Bootcamp tasks/airports/Plane.js","statementMap":{"0":{"start":{"line":1,"column":35},"end":{"line":1,"column":54}},"1":{"start":{"line":4,"column":8},"end":{"line":4,"column":83}},"2":{"start":{"line":4,"column":35},"end":{"line":4,"column":83}},"3":{"start":{"line":5,"column":8},"end":{"line":5,"column":27}},"4":{"start":{"line":6,"column":8},"end":{"line":6,"column":32}},"5":{"start":{"line":7,"column":8},"end":{"line":7,"column":30}},"6":{"start":{"line":8,"column":8},"end":{"line":8,"column":22}},"7":{"start":{"line":12,"column":8},"end":{"line":20,"column":10}},"8":{"start":{"line":14,"column":13},"end":{"line":19,"column":13}},"9":{"start":{"line":15,"column":16},"end":{"line":15,"column":54}},"10":{"start":{"line":16,"column":19},"end":{"line":19,"column":13}},"11":{"start":{"line":18,"column":16},"end":{"line":18,"column":49}},"12":{"start":{"line":23,"column":0},"end":{"line":23,"column":22}}},"fnMap":{"0":{"name":"(anonymous_0)","decl":{"start":{"line":3,"column":4},"end":{"line":3,"column":5}},"loc":{"start":{"line":3,"column":35},"end":{"line":9,"column":5}},"line":3},"1":{"name":"(anonymous_1)","decl":{"start":{"line":11,"column":4},"end":{"line":11,"column":5}},"loc":{"start":{"line":11,"column":28},"end":{"line":21,"column":5}},"line":11},"2":{"name":"(anonymous_2)","decl":{"start":{"line":12,"column":24},"end":{"line":12,"column":25}},"loc":{"start":{"line":12,"column":46},"end":{"line":20,"column":9}},"line":12}},"branchMap":{"0":{"loc":{"start":{"line":4,"column":8},"end":{"line":4,"column":83}},"type":"if","locations":[{"start":{"line":4,"column":8},"end":{"line":4,"column":83}},{"start":{"line":4,"column":8},"end":{"line":4,"column":83}}],"line":4},"1":{"loc":{"start":{"line":4,"column":12},"end":{"line":4,"column":33}},"type":"binary-expr","locations":[{"start":{"line":4,"column":12},"end":{"line":4,"column":20}},{"start":{"line":4,"column":24},"end":{"line":4,"column":33}}],"line":4},"2":{"loc":{"start":{"line":14,"column":13},"end":{"line":19,"column":13}},"type":"if","locations":[{"start":{"line":14,"column":13},"end":{"line":19,"column":13}},{"start":{"line":14,"column":13},"end":{"line":19,"column":13}}],"line":14},"3":{"loc":{"start":{"line":16,"column":19},"end":{"line":19,"column":13}},"type":"if","locations":[{"start":{"line":16,"column":19},"end":{"line":19,"column":13}},{"start":{"line":16,"column":19},"end":{"line":19,"column":13}}],"line":16}},"s":{"0":3,"1":11,"2":1,"3":10,"4":10,"5":10,"6":10,"7":6,"8":8,"9":7,"10":1,"11":1,"12":3},"f":{"0":11,"1":6,"2":8},"b":{"0":[1,10],"1":[11,10],"2":[7,1],"3":[1,0]},"_coverageSchema":"1a1c01bbd47fc00a2c39e90264f33305004495a9","hash":"3005ec317114789ef556fc36ab0707a03f1f1fc8"}
}
