TN:
SF:Airport.js
FN:4,(anonymous_0)
FN:10,(anonymous_1)
FN:14,(anonymous_2)
FN:19,(anonymous_3)
FNF:4
FNH:4
FNDA:18,(anonymous_0)
FNDA:1,(anonymous_1)
FNDA:1,(anonymous_2)
FNDA:4,(anonymous_3)
DA:2,3
DA:5,18
DA:6,17
DA:7,17
DA:8,17
DA:11,1
DA:15,1
DA:16,1
DA:20,4
DA:26,3
LF:10
LH:10
BRDA:5,0,0,1
BRDA:5,0,1,17
BRF:2
BRH:2
end_of_record
TN:
SF:Bag.js
FN:2,(anonymous_0)
FNF:1
FNH:1
FNDA:5,(anonymous_0)
DA:3,5
DA:4,4
DA:8,3
LF:3
LH:3
BRDA:3,0,0,1
BRDA:3,0,1,4
BRF:2
BRH:2
end_of_record
TN:
SF:Person.js
FN:2,(anonymous_0)
FN:7,(anonymous_1)
FN:13,(anonymous_2)
FN:19,(anonymous_3)
FN:20,(anonymous_4)
FNF:5
FNH:5
FNDA:15,(anonymous_0)
FNDA:3,(anonymous_1)
FNDA:1,(anonymous_2)
FNDA:2,(anonymous_3)
FNDA:2,(anonymous_4)
DA:3,15
DA:4,15
DA:8,3
DA:14,1
DA:20,2
DA:21,2
DA:22,1
DA:24,1
DA:32,4
LF:9
LH:9
BRDA:21,0,0,1
BRDA:21,0,1,1
BRF:2
BRH:2
end_of_record
TN:
SF:Plane.js
FN:3,(anonymous_0)
FN:11,(anonymous_1)
FN:12,(anonymous_2)
FNF:3
FNH:3
FNDA:11,(anonymous_0)
FNDA:6,(anonymous_1)
FNDA:8,(anonymous_2)
DA:1,3
DA:4,11
DA:5,10
DA:6,10
DA:7,10
DA:8,10
DA:12,6
DA:14,8
DA:15,7
DA:16,1
DA:18,1
DA:23,3
LF:12
LH:12
BRDA:4,0,0,1
BRDA:4,0,1,10
BRDA:4,1,0,11
BRDA:4,1,1,10
BRDA:14,2,0,7
BRDA:14,2,1,1
BRDA:16,3,0,1
BRDA:16,3,1,0
BRF:8
BRH:7
end_of_record
